[2022-10-05 17:57:46,795: INFO: stage_01_data_preparation]: 
********************
[2022-10-05 17:57:46,795: INFO: stage_01_data_preparation]: >>>>> stage Data_Preparation started <<<<<
[2022-10-05 17:57:46,799: INFO: common]: yaml file: configs/config.yaml loaded successfully
[2022-10-05 17:57:46,800: INFO: common]: yaml file: params.yaml loaded successfully
[2022-10-05 17:57:46,800: INFO: common]: created directory at: artifacts/prepared
[2022-10-05 17:57:51,616: INFO: stage_01_data_preparation]: >>>>> stage Data_Preparation completed!<<<<<

[2022-10-06 20:43:58,537: INFO: stage_01_data_preparation]: 
********************
[2022-10-06 20:43:58,538: INFO: stage_01_data_preparation]: >>>>> stage Data_Preparation started <<<<<
[2022-10-06 20:43:58,542: INFO: common]: yaml file: configs/config.yaml loaded successfully
[2022-10-06 20:43:58,545: INFO: common]: yaml file: params.yaml loaded successfully
[2022-10-06 20:43:58,546: INFO: common]: created directory at: artifacts/prepared
[2022-10-06 20:44:05,318: INFO: stage_01_data_preparation]: >>>>> stage Data_Preparation completed!<<<<<

[2022-10-06 22:33:01,138: INFO: stage_01_data_preparation]: 
********************
[2022-10-06 22:33:01,139: INFO: stage_01_data_preparation]: >>>>> stage Data_Preparation started <<<<<
[2022-10-06 22:33:01,144: INFO: common]: yaml file: configs/config.yaml loaded successfully
[2022-10-06 22:33:01,146: INFO: common]: yaml file: params.yaml loaded successfully
[2022-10-06 22:33:01,147: INFO: common]: created directory at: artifacts/prepared
[2022-10-06 22:33:04,982: INFO: stage_01_data_preparation]: >>>>> stage Data_Preparation completed!<<<<<

[2022-10-06 22:43:27,990: INFO: stage_02_featurization]: 
********************
[2022-10-06 22:43:27,992: INFO: stage_02_featurization]: >>>>> stage Featurization started <<<<<
[2022-10-06 22:43:27,997: INFO: common]: yaml file: configs/config.yaml loaded successfully
[2022-10-06 22:43:27,999: INFO: common]: yaml file: params.yaml loaded successfully
[2022-10-06 22:43:28,000: INFO: common]: created directory at: artifacts/prepared
[2022-10-06 22:43:28,000: INFO: common]: created directory at: artifacts/features
[2022-10-06 22:43:28,671: INFO: common]: The input dataframe artifacts/prepared/train.tsv of size (17473, 3) is read.
[2022-10-06 22:43:28,671: ERROR: stage_02_featurization]: name 'np' is not defined
Traceback (most recent call last):
  File "src/stage_02_featurization.py", line 82, in <module>
    main(config_path=parsed_args.config, params_path=parsed_args.params)
  File "src/stage_02_featurization.py", line 44, in main
    train_words = np.array(df_train.text.str.lower().values.astype("U"))
NameError: name 'np' is not defined
[2022-10-06 22:43:55,520: INFO: stage_02_featurization]: 
********************
[2022-10-06 22:43:55,521: INFO: stage_02_featurization]: >>>>> stage Featurization started <<<<<
[2022-10-06 22:43:55,525: INFO: common]: yaml file: configs/config.yaml loaded successfully
[2022-10-06 22:43:55,528: INFO: common]: yaml file: params.yaml loaded successfully
[2022-10-06 22:43:55,528: INFO: common]: created directory at: artifacts/prepared
[2022-10-06 22:43:55,528: INFO: common]: created directory at: artifacts/features
[2022-10-06 22:43:55,946: INFO: common]: The input dataframe artifacts/prepared/train.tsv of size (17473, 3) is read.
[2022-10-06 22:43:55,947: ERROR: stage_02_featurization]: name 'np' is not defined
Traceback (most recent call last):
  File "src/stage_02_featurization.py", line 82, in <module>
    main(config_path=parsed_args.config, params_path=parsed_args.params)
  File "src/stage_02_featurization.py", line 44, in main
    train_words = np.array(df_train.text.str.lower().values.astype("U"))
NameError: name 'np' is not defined
[2022-10-06 22:44:24,786: INFO: stage_02_featurization]: 
********************
[2022-10-06 22:44:24,787: INFO: stage_02_featurization]: >>>>> stage Featurization started <<<<<
[2022-10-06 22:44:24,792: INFO: common]: yaml file: configs/config.yaml loaded successfully
[2022-10-06 22:44:24,795: INFO: common]: yaml file: params.yaml loaded successfully
[2022-10-06 22:44:24,795: INFO: common]: created directory at: artifacts/prepared
[2022-10-06 22:44:24,795: INFO: common]: created directory at: artifacts/features
[2022-10-06 22:44:25,050: INFO: common]: The input dataframe artifacts/prepared/train.tsv of size (17473, 3) is read.
[2022-10-06 22:44:25,050: ERROR: stage_02_featurization]: name 'np' is not defined
Traceback (most recent call last):
  File "src/stage_02_featurization.py", line 82, in <module>
    main(config_path=parsed_args.config, params_path=parsed_args.params)
  File "src/stage_02_featurization.py", line 44, in main
    train_words = np.array(df_train.text.str.lower().values.astype("U"))
NameError: name 'np' is not defined
[2022-10-06 22:44:44,623: INFO: stage_02_featurization]: 
********************
[2022-10-06 22:44:44,624: INFO: stage_02_featurization]: >>>>> stage Featurization started <<<<<
[2022-10-06 22:44:44,628: INFO: common]: yaml file: configs/config.yaml loaded successfully
[2022-10-06 22:44:44,630: INFO: common]: yaml file: params.yaml loaded successfully
[2022-10-06 22:44:44,631: INFO: common]: created directory at: artifacts/prepared
[2022-10-06 22:44:44,631: INFO: common]: created directory at: artifacts/features
[2022-10-06 22:44:45,065: INFO: common]: The input dataframe artifacts/prepared/train.tsv of size (17473, 3) is read.
[2022-10-06 22:44:45,065: ERROR: stage_02_featurization]: 'DataFrame' object has no attribute 'text'
Traceback (most recent call last):
  File "src/stage_02_featurization.py", line 82, in <module>
    main(config_path=parsed_args.config, params_path=parsed_args.params)
  File "src/stage_02_featurization.py", line 44, in main
    train_words = np.array(df_train.text.str.lower().values.astype("U"))
  File "/Users/DEEPANSHU/Folder001/Downloaded_Projects/NLP/NLP_DVC_Project/env/lib/python3.8/site-packages/pandas/core/generic.py", line 5907, in __getattr__
    return object.__getattribute__(self, name)
AttributeError: 'DataFrame' object has no attribute 'text'
[2022-10-06 22:45:36,057: INFO: stage_02_featurization]: 
********************
[2022-10-06 22:45:36,058: INFO: stage_02_featurization]: >>>>> stage Featurization started <<<<<
[2022-10-06 22:45:36,062: INFO: common]: yaml file: configs/config.yaml loaded successfully
[2022-10-06 22:45:36,065: INFO: common]: yaml file: params.yaml loaded successfully
[2022-10-06 22:45:36,065: INFO: common]: created directory at: artifacts/prepared
[2022-10-06 22:45:36,065: INFO: common]: created directory at: artifacts/features
[2022-10-06 22:45:36,066: ERROR: stage_02_featurization]: Passing a bool to header is invalid. Use header=None for no header or header=int or list-like of ints to specify the row(s) making up the column names
Traceback (most recent call last):
  File "src/stage_02_featurization.py", line 82, in <module>
    main(config_path=parsed_args.config, params_path=parsed_args.params)
  File "src/stage_02_featurization.py", line 43, in main
    df_train = get_df(train_data_path)
  File "/Users/DEEPANSHU/Folder001/Downloaded_Projects/NLP/NLP_DVC_Project/src/utils/common.py", line 30, in get_df
    df  = pd.read_csv(
  File "/Users/DEEPANSHU/Folder001/Downloaded_Projects/NLP/NLP_DVC_Project/env/lib/python3.8/site-packages/pandas/util/_decorators.py", line 211, in wrapper
    return func(*args, **kwargs)
  File "/Users/DEEPANSHU/Folder001/Downloaded_Projects/NLP/NLP_DVC_Project/env/lib/python3.8/site-packages/pandas/util/_decorators.py", line 317, in wrapper
    return func(*args, **kwargs)
  File "/Users/DEEPANSHU/Folder001/Downloaded_Projects/NLP/NLP_DVC_Project/env/lib/python3.8/site-packages/pandas/io/parsers/readers.py", line 950, in read_csv
    return _read(filepath_or_buffer, kwds)
  File "/Users/DEEPANSHU/Folder001/Downloaded_Projects/NLP/NLP_DVC_Project/env/lib/python3.8/site-packages/pandas/io/parsers/readers.py", line 605, in _read
    parser = TextFileReader(filepath_or_buffer, **kwds)
  File "/Users/DEEPANSHU/Folder001/Downloaded_Projects/NLP/NLP_DVC_Project/env/lib/python3.8/site-packages/pandas/io/parsers/readers.py", line 1434, in __init__
    self.options, self.engine = self._clean_options(options, engine)
  File "/Users/DEEPANSHU/Folder001/Downloaded_Projects/NLP/NLP_DVC_Project/env/lib/python3.8/site-packages/pandas/io/parsers/readers.py", line 1629, in _clean_options
    validate_header_arg(options["header"])
  File "/Users/DEEPANSHU/Folder001/Downloaded_Projects/NLP/NLP_DVC_Project/env/lib/python3.8/site-packages/pandas/io/common.py", line 204, in validate_header_arg
    raise TypeError(
TypeError: Passing a bool to header is invalid. Use header=None for no header or header=int or list-like of ints to specify the row(s) making up the column names
[2022-10-06 22:46:17,294: INFO: stage_02_featurization]: 
********************
[2022-10-06 22:46:17,294: INFO: stage_02_featurization]: >>>>> stage Featurization started <<<<<
[2022-10-06 22:46:17,297: INFO: common]: yaml file: configs/config.yaml loaded successfully
[2022-10-06 22:46:17,299: INFO: common]: yaml file: params.yaml loaded successfully
[2022-10-06 22:46:17,299: INFO: common]: created directory at: artifacts/prepared
[2022-10-06 22:46:17,299: INFO: common]: created directory at: artifacts/features
[2022-10-06 22:46:17,531: INFO: common]: The input dataframe artifacts/prepared/train.tsv of size (17472, 3) is read.
[2022-10-06 22:46:25,511: ERROR: stage_02_featurization]: name 'ngrams' is not defined
Traceback (most recent call last):
  File "src/stage_02_featurization.py", line 82, in <module>
    main(config_path=parsed_args.config, params_path=parsed_args.params)
  File "src/stage_02_featurization.py", line 49, in main
    ngram_range = (1,ngrams)
NameError: name 'ngrams' is not defined
[2022-10-06 22:46:59,220: INFO: stage_02_featurization]: 
********************
[2022-10-06 22:46:59,220: INFO: stage_02_featurization]: >>>>> stage Featurization started <<<<<
[2022-10-06 22:46:59,223: INFO: common]: yaml file: configs/config.yaml loaded successfully
[2022-10-06 22:46:59,224: INFO: common]: yaml file: params.yaml loaded successfully
[2022-10-06 22:46:59,225: INFO: common]: created directory at: artifacts/prepared
[2022-10-06 22:46:59,225: INFO: common]: created directory at: artifacts/features
[2022-10-06 22:46:59,387: INFO: common]: The input dataframe artifacts/prepared/train.tsv of size (17472, 3) is read.
[2022-10-06 22:47:25,951: INFO: common]: The input dataframe artifacts/prepared/test.tsv of size (7528, 3) is read.
[2022-10-06 22:47:41,403: INFO: stage_02_featurization]: >>>>> stage Featurization completed!<<<<<

[2022-10-06 22:49:59,061: INFO: stage_02_featurization]: 
********************
[2022-10-06 22:49:59,061: INFO: stage_02_featurization]: >>>>> stage Featurization started <<<<<
[2022-10-06 22:49:59,069: INFO: common]: yaml file: configs/config.yaml loaded successfully
[2022-10-06 22:49:59,072: INFO: common]: yaml file: params.yaml loaded successfully
[2022-10-06 22:49:59,072: INFO: common]: created directory at: artifacts/prepared
[2022-10-06 22:49:59,072: INFO: common]: created directory at: artifacts/features
[2022-10-06 22:49:59,591: INFO: common]: The input dataframe artifacts/prepared/train.tsv of size (17472, 3) is read.
[2022-10-06 22:50:35,029: INFO: common]: The input dataframe artifacts/prepared/test.tsv of size (7528, 3) is read.
[2022-10-06 22:50:48,008: INFO: stage_02_featurization]: >>>>> stage Featurization completed!<<<<<

